# JRE version: Java(TM) SE Runtime Environment 18.9 (11.0.8+10) (build 11.0.8+10-LTS)
# Java VM: Java HotSpot(TM) 64-Bit Server VM 18.9 (11.0.8+10-LTS, mixed mode, tiered, compressed oops, g1 gc, windows-amd64)
Heap:
 garbage-first heap   total 157696K, used 9925K [0x0000000081e00000, 0x0000000100000000)
  region size 1024K, 4 young (4096K), 4 survivors (4096K)
 Metaspace       used 23836K, capacity 24665K, committed 24704K, reserved 1085440K
  class space    used 2850K, capacity 3179K, committed 3200K, reserved 1048576K
GC Heap History (10 events):
Event: 1.283 GC heap before
{Heap before GC invocations=1 (full 0):
 garbage-first heap   total 131072K, used 10196K [0x0000000081e00000, 0x0000000100000000)
  region size 1024K, 6 young (6144K), 2 survivors (2048K)
 Metaspace       used 13464K, capacity 13841K, committed 14208K, reserved 1062912K
  class space    used 1420K, capacity 1537K, committed 1664K, reserved 1048576K
}
Event: 1.288 GC heap after
{Heap after GC invocations=2 (full 0):
 garbage-first heap   total 131072K, used 6895K [0x0000000081e00000, 0x0000000100000000)
  region size 1024K, 1 young (1024K), 1 survivors (1024K)
 Metaspace       used 13464K, capacity 13841K, committed 14208K, reserved 1062912K
  class space    used 1420K, capacity 1537K, committed 1664K, reserved 1048576K
}
Event: 1.511 GC heap before
{Heap before GC invocations=2 (full 0):
 garbage-first heap   total 131072K, used 26351K [0x0000000081e00000, 0x0000000100000000)
  region size 1024K, 21 young (21504K), 1 survivors (1024K)
 Metaspace       used 15781K, capacity 16268K, committed 16512K, reserved 1064960K
  class space    used 1738K, capacity 1915K, committed 1920K, reserved 1048576K
}
Event: 1.515 GC heap after
{Heap after GC invocations=3 (full 0):
 garbage-first heap   total 131072K, used 7931K [0x0000000081e00000, 0x0000000100000000)
  region size 1024K, 2 young (2048K), 2 survivors (2048K)
 Metaspace       used 15781K, capacity 16268K, committed 16512K, reserved 1064960K
  class space    used 1738K, capacity 1915K, committed 1920K, reserved 1048576K
}
Event: 1.532 GC heap before
{Heap before GC invocations=3 (full 0):
 garbage-first heap   total 131072K, used 37627K [0x0000000081e00000, 0x0000000100000000)
  region size 1024K, 32 young (32768K), 2 survivors (2048K)
 Metaspace       used 15784K, capacity 16268K, committed 16512K, reserved 1064960K
  class space    used 1738K, capacity 1915K, committed 1920K, reserved 1048576K
}
Event: 1.536 GC heap after
{Heap after GC invocations=4 (full 0):
 garbage-first heap   total 131072K, used 7832K [0x0000000081e00000, 0x0000000100000000)
  region size 1024K, 2 young (2048K), 2 survivors (2048K)
 Metaspace       used 15784K, capacity 16268K, committed 16512K, reserved 1064960K
  class space    used 1738K, capacity 1915K, committed 1920K, reserved 1048576K
}
Event: 2.093 GC heap before
{Heap before GC invocations=4 (full 0):
 garbage-first heap   total 131072K, used 41624K [0x0000000081e00000, 0x0000000100000000)
  region size 1024K, 37 young (37888K), 2 survivors (2048K)
 Metaspace       used 20427K, capacity 21136K, committed 21248K, reserved 1067008K
  class space    used 2420K, capacity 2725K, committed 2816K, reserved 1048576K
}
Event: 2.100 GC heap after
{Heap after GC invocations=5 (full 0):
 garbage-first heap   total 157696K, used 9561K [0x0000000081e00000, 0x0000000100000000)
  region size 1024K, 4 young (4096K), 4 survivors (4096K)
 Metaspace       used 20427K, capacity 21136K, committed 21248K, reserved 1067008K
  class space    used 2420K, capacity 2725K, committed 2816K, reserved 1048576K
}
Event: 2.339 GC heap before
{Heap before GC invocations=6 (full 0):
 garbage-first heap   total 157696K, used 29017K [0x0000000081e00000, 0x0000000100000000)
  region size 1024K, 25 young (25600K), 4 survivors (4096K)
 Metaspace       used 23836K, capacity 24665K, committed 24704K, reserved 1083392K
  class space    used 2850K, capacity 3179K, committed 3200K, reserved 1048576K
}
Event: 2.347 GC heap after
{Heap after GC invocations=7 (full 0):
 garbage-first heap   total 157696K, used 9925K [0x0000000081e00000, 0x0000000100000000)
  region size 1024K, 4 young (4096K), 4 survivors (4096K)
 Metaspace       used 23836K, capacity 24665K, committed 24704K, reserved 1083392K
  class space    used 2850K, capacity 3179K, committed 3200K, reserved 1048576K
}

